[www.alicedriver.com/index.html]
[backblue.gif]
[fade.gif]
[index.html]
[www.alicedriver.com/version-1595628784]
[static2.format.com/static/theme_api/v1/hosted_fonts-eb726384a2140ff00e23f669c05ec8f0e6cdd3bebab581a38dbe829184a2aa4f.css]
[www.alicedriver.com/gecko/index.html]
[www.alicedriver.com/mozilla/index.html]
[www.alicedriver.com/applewebkit/index.html]
[static1.format.com/static/theme_api/vendor/webtype_fonts.min-51d9b9edb8f956fb39da113609d790ba607fa4fbda053af8e378bb9233ef4a39.css]
[static0.format.com/static/favicon-16-58eeac03d06e2402c16e494e44623ab6da7b9e6749eafd5e67b6508888c13452.png]
[static1.format.com/static/favicon-32-7b151b5cb1ea57453cf4f6e4dca6e59f40b326568045ed7ee8e2da4ad0096e63.png]
[static0.format.com/static/favicon-96-fd00130996e46dd74db83867237ee7b02e48d37456ed20a348ee43b5c6b6b576.png]
[static0.format.com/static/favicon-192-36a03c4d1a4754694fea4f56150aa9d363ab3cbcc0dae286f87e3f47979c55f9.png]
[static0.format.com/static/theme_api/v2/share_panel-1a26721acae26eabd7c32296e2ee8cf053d1a1a8d9f7c49f0df899bc27b784c1.css]
[static1.format.com/static/theme_api/v1/protected_images-2fdc6f85260105ac58908b513a09aa9c124e2007c6d4cbe63b3778f16e3a88b9.css]
[static2.format.com/static/theme_api/vendor/font-awesome.min-3.0.2-3149da3014aff38a256574aa7aa1b947387efee9cdc1fb2d39e234606f231c96.css]
[static1.format.com/static/theme_api/v2/theme_social-c985894a58f09ef7b4feca674406de2916e87cbbb58d420fff1ac15b709ac68c.css]
[static0.format.com/static/theme_api/v2/sales/cart-71d654c3aca9efaf7d54bb83a588db177f85a55f6d10afc1ecb96de9011222ee.css]
[static2.format.com/static/theme_api/v2/client_access/client-d059a5a6bff0d1053aa97582347536cc043341876fde6752f5e200717ba2d4ba.css]
[www.alicedriver.com/fonts/ss-standard-v2/ss-standard.css]
[static0.format.com/static/theme_api/v2/client_access/client_modal-0a0e8d74f06b3ff97a71ed8c0599abaeb3aa67f13fef71b416c09b1911096a73.css]
[static2.format.com/static/theme_api/v2/blog_defaults-79d70c55d366b40da8280df474b120c87e1c1def50e6c75a4c54fc0ec914deeb.css]
[alice-driver.format.com/stylesheetc0b2.css]
[static2.format.com/static/theme_api/vendor/960_simple-1-80ab8eb2695abe415bd536608db207267db1a467f2841da1c01b06c3559dd9c6.css]
[static1.format.com/static/_common/animation-7fc12d665fca943072e7f3c6c84d756b935958c9d92f8a940de7dcfd69c2b253.css]
[static0.format.com/static/theme_api/v2/blog-adee6ecd43756a0c67bcc47ce993d1cb89cfe67c24efa5d227588acc9f00692f.css]
[static2.format.com/static/vid_overlay-b935013b5cebeedb8f5d5f3e7b0c48ee08c556e2db6888045b216f172195e632.png]
[www.alicedriver.com/about.html]
[www.alicedriver.com/untitled-listing.html]
[www.alicedriver.com/speaking-engagements-2019.html]
[www.alicedriver.com/newsletter.html]
[static1.format.com/static/theme_api/vendor/jquery-1.11.2.min-b2246f6b63053947c5f3435080deabeed9995c5cef1539e6b68605ebc6573f34.js]
[www.alicedriver.com/contact.html]
[format-com-cld-res.cloudinary.com/image/private/s--IOShaLaD--/c_crop,h_1366,w_1366,x_0,y_0/c_fill,g_center,h_570,w_570/fl_keep_iptc.progressive,q_95/v1/42973c89241db408add38f8908b1/Cambrai_Harkey.1a.delay]
[www.alicedriver.com/stackable/headline_01/stylesheets/style.css]
[static0.format.com/static/theme_api/v2/4ormat-7ddaaa8194036c8c2557d998257d0b58ef70fbc355dd131f59016affe949e434.js]
[static0.format.com/static/content_page-c172ad430a0417623dc747124ece7cc13b2fff6ab12d3022c0eab6ab14494672.js]
[static0.format.com/static/theme_api/v1/custom_pages/custom_pages-4d87c8ca0c06e1d42eecd9200d5d1a84b87a6bd5da3b4e2fd2034bea07984363.js]
[static0.format.com/static/_common/instagram-02cabf87b30a5521c210562446f0c8294350e5a81bf9e82bee484e152b363c5b.js]
[static0.format.com/static/theme_api/v2/turbolinks-2.5.3-format-8696209bf1a227321bfa788d944347c97fa0e2828f8098bc8b359b68aea0c2f1.js]
[static2.format.com/static/theme_api/vendor/picturefill-3.0.1.min-2617e99ef5e59d90c5824886150f98668f51dcf76610ea87f8e6faaa30eaffb8.js]
[static1.format.com/static/theme_api/vendor/ls.attrchange.min-447bfde4d7b5e387efed5a41a9c0fa9fb6a7bee582729404827603e08e65f156.js]
[static0.format.com/static/theme_api/vendor/ls.unveilhooks.min-b1320353793178089a9792b59a7af22030ec8a5965dabb567876111e6e1181cf.js]
[static2.format.com/static/theme_api/vendor/ls.bgset.min-18a3ce389a755ac3c1420762a37d67b856f42d5026b179b58d84dc8273a1fd89.js]
[static1.format.com/static/theme_api/vendor/ls.parent-fit.min-c95bc4aa8dfa9e377fc0acf1ee2ace831d361cdc5234be53867b5ddbe85c337d.js]
[static1.format.com/static/theme_api/vendor/lazysizes-1.3.2.min-c9d9288562fa809a0e70ea07c97f94642363f7603f985d5fa2cd6c587ee0bf15.js]
[static0.format.com/static/theme_api/vendor/viewport-units-buggyfill-0.6.0-417dc24d6eb214064bcd31132c85d0f5c7bc70063314216e08b5f91b940c603c.js]
[static2.format.com/static/theme_api/vendor/scrollDelta-1-a3dd9cda1577a24806f10f58011d0abb0bb95829e14b333f8ff198669c28d017.js]
[bucket2.format-assets.com/theme_versions/5400897/assets/javascripts/vendor/skrollr.min.js]
[bucket2.format-assets.com/theme_versions/5400897/assets/javascripts/vendor/imgStatus.min.js]
[bucket2.format-assets.com/theme_versions/5400897/assets/javascripts/vendor/waterfall.min.js]
[bucket2.format-assets.com/theme_versions/5400897/assets/javascripts/vendor/jquery.fitvids.js]
[bucket2.format-assets.com/theme_versions/5400897/assets/javascripts/vendor/swiped-events.min.js]
[www.alicedriver.com/index.html]
[www.alicedriver.com/version-1595628784.html]
[www.alicedriver.com/gecko/index.html]
[www.alicedriver.com/applewebkit/index.html]
[www.alicedriver.com/mozilla/index.html]
[static2.format.com/static/theme_api/v1/hosted_fonts-eb726384a2140ff00e23f669c05ec8f0e6cdd3bebab581a38dbe829184a2aa4f.css]
[static1.format.com/static/theme_api/vendor/webtype_fonts.min-51d9b9edb8f956fb39da113609d790ba607fa4fbda053af8e378bb9233ef4a39.css]
[static0.format.com/static/theme_api/v2/share_panel-1a26721acae26eabd7c32296e2ee8cf053d1a1a8d9f7c49f0df899bc27b784c1.css]
[static1.format.com/static/theme_api/v1/protected_images-2fdc6f85260105ac58908b513a09aa9c124e2007c6d4cbe63b3778f16e3a88b9.css]
[static2.format.com/static/theme_api/vendor/font-awesome.min-3.0.2-3149da3014aff38a256574aa7aa1b947387efee9cdc1fb2d39e234606f231c96.css]
[static1.format.com/static/theme_api/v2/theme_social-c985894a58f09ef7b4feca674406de2916e87cbbb58d420fff1ac15b709ac68c.css]
[bucket2.format-assets.com/theme_versions/5400897/assets/javascripts/theme.js]
[static1.format.com/static/cart_button_background-ea2890d7f86181f02d978dac735dcb16bcd31e89c4b016a9c32f37ab8e67c154.png]
[static0.format.com/static/theme_api/v2/sales/cart-71d654c3aca9efaf7d54bb83a588db177f85a55f6d10afc1ecb96de9011222ee.css]
[static2.format.com/static/theme_api/v2/client_access/client-d059a5a6bff0d1053aa97582347536cc043341876fde6752f5e200717ba2d4ba.css]
[www.alicedriver.com/fonts/ss-standard-v2/ss-standard.eot]
[www.alicedriver.com/fonts/ss-standard-v2/ss-standardd41d.eot]
[www.alicedriver.com/fonts/ss-standard-v2/ss-standard.woff]
[www.alicedriver.com/fonts/ss-standard-v2/ss-standard.ttf]
[www.alicedriver.com/fonts/ss-standard-v2/ss-standard.css]
[www.alicedriver.com/fonts/ss-standard-v2/ss-standard.svg]
[static0.format.com/static/spinner_fsg-b02531944c4b84204b03936e9eac74fb537d0e64a02e7d9c8704cfa2506a2edf.gif]
[static0.format.com/static/theme_api/v2/client_access/client_modal-0a0e8d74f06b3ff97a71ed8c0599abaeb3aa67f13fef71b416c09b1911096a73.css]
[static2.format.com/static/theme_api/v2/blog_defaults-79d70c55d366b40da8280df474b120c87e1c1def50e6c75a4c54fc0ec914deeb.css]
[alice-driver.format.com/stylesheetc0b2.css]
[static2.format.com/static/theme_api/vendor/960_simple-1-80ab8eb2695abe415bd536608db207267db1a467f2841da1c01b06c3559dd9c6.css]
[static1.format.com/static/_common/animation-7fc12d665fca943072e7f3c6c84d756b935958c9d92f8a940de7dcfd69c2b253.css]
[static0.format.com/static/theme_api/v2/blog_caption_icons.png]
[static0.format.com/static/theme_api/v2/blog_caption_icons@2x.png]
[static1.format.com/static/theme_api/v2/blog_ui_sprite-54cad8d822a82c94240e4fc65e092fe18210544edeb8ce733a767febd671b888.png]
[static0.format.com/static/theme_api/v2/blog-adee6ecd43756a0c67bcc47ce993d1cb89cfe67c24efa5d227588acc9f00692f.css]
[www.alicedriver.com/about.html]
[www.alicedriver.com/untitled-listing.html]
[www.alicedriver.com/speaking-engagements-2019.html]
[format-com-cld-res.cloudinary.com/image/private/s--y3NNJ5bH--/c_crop,h_835,w_1252,x_0,y_0/c_fill,g_center,h_380,w_570/fl_keep_iptc.progressive,q_95/v1/f3c05cfbfb1f578a9cce88c1344404/storytelling.3b.delaye]
[format-com-cld-res.cloudinary.com/image/private/s--eOxYkCjy--/c_crop,h_1151,w_1727,x_0,y_0/c_fill,g_center,h_380,w_570/fl_keep_iptc.progressive.apng/v1/7f65edbc20908204fd509471af63/Driver_Poster_for_print]
[format-com-cld-res.cloudinary.com/image/private/s--FB0w0VuF--/c_limit,g_center,h_345,w_894/fl_keep_iptc.progressive.apng/v1/d6d1a2d435d042e5ea709c90977978ac/Alice-Banner-Large.png]
[www.alicedriver.com/newsletter.html]
[www.alicedriver.com/_common/contact_form.3d.delayed]
[static0.format.com/static/_common/contact_form-a6ae6c621dd884249e13a9fda7c5f28191902db17a4cfd926b19c696fc4bd309.js]
[static0.format.com/static/_common/colour_adjustments-007e264abb344638134a759453f16bebc5b209ed13f19f078cf0fd5f5c676be7.js]
[www.alicedriver.com/contact.html]
[static1.format.com/static/theme_api/vendor/jquery-1.11.2.min-b2246f6b63053947c5f3435080deabeed9995c5cef1539e6b68605ebc6573f34.js]
[www.alicedriver.com/stackable/headline_01/stylesheets/style.html]
[static0.format.com/static/theme_api/v2/4ormat-7ddaaa8194036c8c2557d998257d0b58ef70fbc355dd131f59016affe949e434.js]
[static0.format.com/static/content_page-c172ad430a0417623dc747124ece7cc13b2fff6ab12d3022c0eab6ab14494672.js]
[static0.format.com/static/theme_api/v1/custom_pages/custom_pages-4d87c8ca0c06e1d42eecd9200d5d1a84b87a6bd5da3b4e2fd2034bea07984363.js]
[static0.format.com/static/_common/instagram-02cabf87b30a5521c210562446f0c8294350e5a81bf9e82bee484e152b363c5b.js]
[www.alicedriver.com/get]
[static0.format.com/static/theme_api/v2/turbolinks-2.5.3-format-8696209bf1a227321bfa788d944347c97fa0e2828f8098bc8b359b68aea0c2f1.js]
[static2.format.com/static/theme_api/vendor/picturefill-3.0.1.min-2617e99ef5e59d90c5824886150f98668f51dcf76610ea87f8e6faaa30eaffb8.js]
[static1.format.com/static/theme_api/vendor/ls.attrchange.min-447bfde4d7b5e387efed5a41a9c0fa9fb6a7bee582729404827603e08e65f156.js]
[static0.format.com/static/theme_api/vendor/ls.unveilhooks.min-b1320353793178089a9792b59a7af22030ec8a5965dabb567876111e6e1181cf.js]
[static2.format.com/static/theme_api/vendor/ls.bgset.min-18a3ce389a755ac3c1420762a37d67b856f42d5026b179b58d84dc8273a1fd89.js]
[static1.format.com/static/theme_api/vendor/ls.parent-fit.min-c95bc4aa8dfa9e377fc0acf1ee2ace831d361cdc5234be53867b5ddbe85c337d.js]
[static1.format.com/static/theme_api/vendor/lazysizes-1.3.2.min-c9d9288562fa809a0e70ea07c97f94642363f7603f985d5fa2cd6c587ee0bf15.js]
[static0.format.com/static/theme_api/vendor/viewport-units-buggyfill-0.6.0-417dc24d6eb214064bcd31132c85d0f5c7bc70063314216e08b5f91b940c603c.js]
[static2.format.com/static/theme_api/vendor/scrollDelta-1-a3dd9cda1577a24806f10f58011d0abb0bb95829e14b333f8ff198669c28d017.js]
[www.alicedriver.com/fonts/ss-standard-v2/ss-standard.svg]
[www.alicedriver.com/_common/contact_form.html]
[static0.format.com/static/_common/contact_form-a6ae6c621dd884249e13a9fda7c5f28191902db17a4cfd926b19c696fc4bd309.js]
[static0.format.com/static/_common/colour_adjustments-007e264abb344638134a759453f16bebc5b209ed13f19f078cf0fd5f5c676be7.js]
[www.alicedriver.com/get.html]
[www.alicedriver.com/Version/index.html]
[www.alicedriver.com/Version/index.html]
